\BOOKMARK [0][-]{chapter.1}{\376\377\000O\000p\000e\000r\000a\000c\000j\000e\000\040\000n\000a\000\040\000p\000l\000i\000k\000u\000\040\000t\000e\000k\000s\000t\000o\000w\000y\000m}{}% 1
\BOOKMARK [1][-]{section.1.1}{\376\377\000D\000z\000i\000a\000l\000a\000n\000i\000e\000:}{chapter.1}% 2
\BOOKMARK [0][-]{chapter.2}{\376\377\000C\000l\000a\000s\000s\000\040\000I\000n\000d\000e\000x}{}% 3
\BOOKMARK [1][-]{section.2.1}{\376\377\000C\000l\000a\000s\000s\000\040\000L\000i\000s\000t}{chapter.2}% 4
\BOOKMARK [0][-]{chapter.3}{\376\377\000F\000i\000l\000e\000\040\000I\000n\000d\000e\000x}{}% 5
\BOOKMARK [1][-]{section.3.1}{\376\377\000F\000i\000l\000e\000\040\000L\000i\000s\000t}{chapter.3}% 6
\BOOKMARK [0][-]{chapter.4}{\376\377\000C\000l\000a\000s\000s\000\040\000D\000o\000c\000u\000m\000e\000n\000t\000a\000t\000i\000o\000n}{}% 7
\BOOKMARK [1][-]{section.4.1}{\376\377\000a\000l\000g\000o\000r\000y\000t\000m\000\040\000C\000l\000a\000s\000s\000\040\000R\000e\000f\000e\000r\000e\000n\000c\000e}{chapter.4}% 8
\BOOKMARK [2][-]{subsection.4.1.1}{\376\377\000D\000e\000t\000a\000i\000l\000e\000d\000\040\000D\000e\000s\000c\000r\000i\000p\000t\000i\000o\000n}{section.4.1}% 9
\BOOKMARK [2][-]{subsection.4.1.2}{\376\377\000M\000e\000m\000b\000e\000r\000\040\000F\000u\000n\000c\000t\000i\000o\000n\000\040\000D\000o\000c\000u\000m\000e\000n\000t\000a\000t\000i\000o\000n}{section.4.1}% 10
\BOOKMARK [3][-]{subsubsection.4.1.2.1}{\376\377\000d\000o\000d\000a\000j\000\137\000e\000l\000e\000m\000e\000n\000t}{subsection.4.1.2}% 11
\BOOKMARK [3][-]{subsubsection.4.1.2.2}{\376\377\000d\000o\000d\000a\000j\000\137\000e\000l\000e\000m\000e\000n\000t\000y}{subsection.4.1.2}% 12
\BOOKMARK [3][-]{subsubsection.4.1.2.3}{\376\377\000o\000d\000w\000r\000o\000c\000\137\000t\000a\000b\000l\000i\000c\000e}{subsection.4.1.2}% 13
\BOOKMARK [3][-]{subsubsection.4.1.2.4}{\376\377\000o\000p\000e\000r\000a\000t\000o\000r\000=}{subsection.4.1.2}% 14
\BOOKMARK [3][-]{subsubsection.4.1.2.5}{\376\377\000s\000p\000r\000a\000w\000d\000z}{subsection.4.1.2}% 15
\BOOKMARK [3][-]{subsubsection.4.1.2.6}{\376\377\000t\000e\000s\000t}{subsection.4.1.2}% 16
\BOOKMARK [3][-]{subsubsection.4.1.2.7}{\376\377\000t\000e\000s\000t\000\137\000w\000c\000z\000y\000t\000a\000n\000i\000a}{subsection.4.1.2}% 17
\BOOKMARK [3][-]{subsubsection.4.1.2.8}{\376\377\000w\000c\000z\000y\000t\000a\000j\000\137\000d\000a\000n\000e}{subsection.4.1.2}% 18
\BOOKMARK [3][-]{subsubsection.4.1.2.9}{\376\377\000w\000c\000z\000y\000t\000a\000j\000\137\000d\000a\000n\000e\000\137\000k\000o\000l\000e\000j\000k\000a\000l\000i\000s\000t}{subsection.4.1.2}% 19
\BOOKMARK [3][-]{subsubsection.4.1.2.10}{\376\377\000w\000c\000z\000y\000t\000a\000j\000\137\000d\000a\000n\000e\000\137\000k\000o\000l\000e\000j\000k\000a\000t\000a\000b}{subsection.4.1.2}% 20
\BOOKMARK [3][-]{subsubsection.4.1.2.11}{\376\377\000w\000c\000z\000y\000t\000a\000j\000\137\000d\000a\000n\000e\000\137\000s\000p\000r\000a\000w\000d\000z\000a\000j\000a\000c\000e}{subsection.4.1.2}% 21
\BOOKMARK [3][-]{subsubsection.4.1.2.12}{\376\377\000w\000c\000z\000y\000t\000a\000j\000\137\000d\000a\000n\000e\000\137\000s\000t\000o\000s\000l\000i\000s\000t\000a}{subsection.4.1.2}% 22
\BOOKMARK [3][-]{subsubsection.4.1.2.13}{\376\377\000w\000c\000z\000y\000t\000a\000j\000\137\000d\000a\000n\000e\000\137\000s\000t\000o\000s\000t\000a\000b}{subsection.4.1.2}% 23
\BOOKMARK [3][-]{subsubsection.4.1.2.14}{\376\377\000w\000l\000a\000c\000z\000\137\000z\000e\000g\000a\000r}{subsection.4.1.2}% 24
\BOOKMARK [3][-]{subsubsection.4.1.2.15}{\376\377\000w\000y\000k\000o\000n\000a\000j\000\137\000o\000b\000l\000i\000c\000z\000e\000n\000i\000a}{subsection.4.1.2}% 25
\BOOKMARK [3][-]{subsubsection.4.1.2.16}{\376\377\000w\000y\000l\000a\000c\000z\000\137\000z\000e\000g\000a\000r}{subsection.4.1.2}% 26
\BOOKMARK [3][-]{subsubsection.4.1.2.17}{\376\377\000z\000a\000m\000i\000e\000n\000\137\000e\000l\000e\000m\000e\000n\000t\000y}{subsection.4.1.2}% 27
\BOOKMARK [2][-]{subsection.4.1.3}{\376\377\000M\000e\000m\000b\000e\000r\000\040\000D\000a\000t\000a\000\040\000D\000o\000c\000u\000m\000e\000n\000t\000a\000t\000i\000o\000n}{section.4.1}% 28
\BOOKMARK [3][-]{subsubsection.4.1.3.1}{\376\377\000c\000z\000a\000s\000\137\000n\000s\000e\000c}{subsection.4.1.3}% 29
\BOOKMARK [3][-]{subsubsection.4.1.3.2}{\376\377\000c\000z\000a\000s\000\137\000s\000e\000c}{subsection.4.1.3}% 30
\BOOKMARK [3][-]{subsubsection.4.1.3.3}{\376\377\000e\000l\000e\000m\000e\000n\000t\000y}{subsection.4.1.3}% 31
\BOOKMARK [3][-]{subsubsection.4.1.3.4}{\376\377\000k\000o\000l\000e\000j\000k\000a\000l\000i\000s\000t\000a}{subsection.4.1.3}% 32
\BOOKMARK [3][-]{subsubsection.4.1.3.5}{\376\377\000k\000o\000l\000e\000j\000k\000a\000t\000a\000b\000l\000i\000c\000a}{subsection.4.1.3}% 33
\BOOKMARK [3][-]{subsubsection.4.1.3.6}{\376\377\000p\000o\000w\000t\000o\000r\000z\000e\000n\000i\000a}{subsection.4.1.3}% 34
\BOOKMARK [3][-]{subsubsection.4.1.3.7}{\376\377\000s\000t\000o\000s}{subsection.4.1.3}% 35
\BOOKMARK [3][-]{subsubsection.4.1.3.8}{\376\377\000s\000t\000o\000s\000l\000i\000s\000t\000a}{subsection.4.1.3}% 36
\BOOKMARK [3][-]{subsubsection.4.1.3.9}{\376\377\000t\000a\000b\000\137\000d\000a\000n\000y\000c\000h}{subsection.4.1.3}% 37
\BOOKMARK [3][-]{subsubsection.4.1.3.10}{\376\377\000t\000a\000b\000\137\000o\000b\000l\000i\000c\000z\000o\000n\000e}{subsection.4.1.3}% 38
\BOOKMARK [3][-]{subsubsection.4.1.3.11}{\376\377\000t\000a\000b\000\137\000s\000p\000r\000a\000w\000d\000z\000a\000j\000a\000c\000e}{subsection.4.1.3}% 39
\BOOKMARK [1][-]{section.4.2}{\376\377\000d\000a\000n\000e\000\040\000C\000l\000a\000s\000s\000\040\000R\000e\000f\000e\000r\000e\000n\000c\000e}{chapter.4}% 40
\BOOKMARK [2][-]{subsection.4.2.1}{\376\377\000D\000e\000t\000a\000i\000l\000e\000d\000\040\000D\000e\000s\000c\000r\000i\000p\000t\000i\000o\000n}{section.4.2}% 41
\BOOKMARK [2][-]{subsection.4.2.2}{\376\377\000C\000o\000n\000s\000t\000r\000u\000c\000t\000o\000r\000\040\000\046\000\040\000D\000e\000s\000t\000r\000u\000c\000t\000o\000r\000\040\000D\000o\000c\000u\000m\000e\000n\000t\000a\000t\000i\000o\000n}{section.4.2}% 42
\BOOKMARK [3][-]{subsubsection.4.2.2.1}{\376\377\000d\000a\000n\000e}{subsection.4.2.2}% 43
\BOOKMARK [2][-]{subsection.4.2.3}{\376\377\000M\000e\000m\000b\000e\000r\000\040\000F\000u\000n\000c\000t\000i\000o\000n\000\040\000D\000o\000c\000u\000m\000e\000n\000t\000a\000t\000i\000o\000n}{section.4.2}% 44
\BOOKMARK [3][-]{subsubsection.4.2.3.1}{\376\377\000w\000y\000l\000i\000c\000z\000\137\000o\000d\000c\000h\000y\000l\000e\000n\000i\000e}{subsection.4.2.3}% 45
\BOOKMARK [3][-]{subsubsection.4.2.3.2}{\376\377\000z\000a\000p\000i\000s\000z\000\137\000d\000o\000\137\000c\000s\000v}{subsection.4.2.3}% 46
\BOOKMARK [2][-]{subsection.4.2.4}{\376\377\000M\000e\000m\000b\000e\000r\000\040\000D\000a\000t\000a\000\040\000D\000o\000c\000u\000m\000e\000n\000t\000a\000t\000i\000o\000n}{section.4.2}% 47
\BOOKMARK [3][-]{subsubsection.4.2.4.1}{\376\377\000c\000z\000a\000s\000\137\000o\000p\000e\000r\000a\000c\000j\000i}{subsection.4.2.4}% 48
\BOOKMARK [3][-]{subsubsection.4.2.4.2}{\376\377\000o\000d\000c\000h\000y\000l\000e\000n\000i\000e}{subsection.4.2.4}% 49
\BOOKMARK [3][-]{subsubsection.4.2.4.3}{\376\377\000p\000o\000w\000t\000o\000r\000z\000e\000n\000i\000a}{subsection.4.2.4}% 50
\BOOKMARK [3][-]{subsubsection.4.2.4.4}{\376\377\000t\000a\000b\000\137\000c\000z\000a\000s\000o\000w}{subsection.4.2.4}% 51
\BOOKMARK [1][-]{section.4.3}{\376\377\000k\000o\000l\000e\000j\000k\000a\000l\000i\000s\000t\000<\000\040\000T\000Y\000P\000\040\000>\000\040\000C\000l\000a\000s\000s\000\040\000T\000e\000m\000p\000l\000a\000t\000e\000\040\000R\000e\000f\000e\000r\000e\000n\000c\000e}{chapter.4}% 52
\BOOKMARK [2][-]{subsection.4.3.1}{\376\377\000D\000e\000t\000a\000i\000l\000e\000d\000\040\000D\000e\000s\000c\000r\000i\000p\000t\000i\000o\000n}{section.4.3}% 53
\BOOKMARK [2][-]{subsection.4.3.2}{\376\377\000C\000o\000n\000s\000t\000r\000u\000c\000t\000o\000r\000\040\000\046\000\040\000D\000e\000s\000t\000r\000u\000c\000t\000o\000r\000\040\000D\000o\000c\000u\000m\000e\000n\000t\000a\000t\000i\000o\000n}{section.4.3}% 54
\BOOKMARK [3][-]{subsubsection.4.3.2.1}{\376\377\000k\000o\000l\000e\000j\000k\000a\000l\000i\000s\000t}{subsection.4.3.2}% 55
\BOOKMARK [2][-]{subsection.4.3.3}{\376\377\000M\000e\000m\000b\000e\000r\000\040\000F\000u\000n\000c\000t\000i\000o\000n\000\040\000D\000o\000c\000u\000m\000e\000n\000t\000a\000t\000i\000o\000n}{section.4.3}% 56
\BOOKMARK [3][-]{subsubsection.4.3.3.1}{\376\377\000d\000e\000q\000u\000e\000u\000e}{subsection.4.3.3}% 57
\BOOKMARK [3][-]{subsubsection.4.3.3.2}{\376\377\000e\000m\000p\000t\000y}{subsection.4.3.3}% 58
\BOOKMARK [3][-]{subsubsection.4.3.3.3}{\376\377\000e\000n\000q\000u\000e\000u\000e}{subsection.4.3.3}% 59
\BOOKMARK [3][-]{subsubsection.4.3.3.4}{\376\377\000s\000i\000z\000e}{subsection.4.3.3}% 60
\BOOKMARK [2][-]{subsection.4.3.4}{\376\377\000M\000e\000m\000b\000e\000r\000\040\000D\000a\000t\000a\000\040\000D\000o\000c\000u\000m\000e\000n\000t\000a\000t\000i\000o\000n}{section.4.3}% 61
\BOOKMARK [3][-]{subsubsection.4.3.4.1}{\376\377\000l\000i\000s\000t\000a}{subsection.4.3.4}% 62
\BOOKMARK [3][-]{subsubsection.4.3.4.2}{\376\377\000p\000i\000e\000r\000w\000s\000z\000y}{subsection.4.3.4}% 63
\BOOKMARK [1][-]{section.4.4}{\376\377\000k\000o\000l\000e\000j\000k\000a\000t\000a\000b\000<\000\040\000T\000Y\000P\000\040\000>\000\040\000C\000l\000a\000s\000s\000\040\000T\000e\000m\000p\000l\000a\000t\000e\000\040\000R\000e\000f\000e\000r\000e\000n\000c\000e}{chapter.4}% 64
\BOOKMARK [2][-]{subsection.4.4.1}{\376\377\000D\000e\000t\000a\000i\000l\000e\000d\000\040\000D\000e\000s\000c\000r\000i\000p\000t\000i\000o\000n}{section.4.4}% 65
\BOOKMARK [2][-]{subsection.4.4.2}{\376\377\000C\000o\000n\000s\000t\000r\000u\000c\000t\000o\000r\000\040\000\046\000\040\000D\000e\000s\000t\000r\000u\000c\000t\000o\000r\000\040\000D\000o\000c\000u\000m\000e\000n\000t\000a\000t\000i\000o\000n}{section.4.4}% 66
\BOOKMARK [3][-]{subsubsection.4.4.2.1}{\376\377\000k\000o\000l\000e\000j\000k\000a\000t\000a\000b}{subsection.4.4.2}% 67
\BOOKMARK [2][-]{subsection.4.4.3}{\376\377\000M\000e\000m\000b\000e\000r\000\040\000F\000u\000n\000c\000t\000i\000o\000n\000\040\000D\000o\000c\000u\000m\000e\000n\000t\000a\000t\000i\000o\000n}{section.4.4}% 68
\BOOKMARK [3][-]{subsubsection.4.4.3.1}{\376\377\000c\000l\000e\000a\000r}{subsection.4.4.3}% 69
\BOOKMARK [3][-]{subsubsection.4.4.3.2}{\376\377\000d\000e\000q\000u\000e\000u\000e}{subsection.4.4.3}% 70
\BOOKMARK [3][-]{subsubsection.4.4.3.3}{\376\377\000e\000m\000p\000t\000y}{subsection.4.4.3}% 71
\BOOKMARK [3][-]{subsubsection.4.4.3.4}{\376\377\000e\000n\000q\000u\000e\000u\000e\000\137\000d\000o\000d}{subsection.4.4.3}% 72
\BOOKMARK [3][-]{subsubsection.4.4.3.5}{\376\377\000e\000n\000q\000u\000e\000u\000e\000\137\000p\000o\000m}{subsection.4.4.3}% 73
\BOOKMARK [3][-]{subsubsection.4.4.3.6}{\376\377\000s\000i\000z\000e}{subsection.4.4.3}% 74
\BOOKMARK [3][-]{subsubsection.4.4.3.7}{\376\377\000t\000w\000o\000r\000z}{subsection.4.4.3}% 75
\BOOKMARK [2][-]{subsection.4.4.4}{\376\377\000M\000e\000m\000b\000e\000r\000\040\000D\000a\000t\000a\000\040\000D\000o\000c\000u\000m\000e\000n\000t\000a\000t\000i\000o\000n}{section.4.4}% 76
\BOOKMARK [3][-]{subsubsection.4.4.4.1}{\376\377\000i\000l\000o\000s\000c}{subsection.4.4.4}% 77
\BOOKMARK [3][-]{subsubsection.4.4.4.2}{\376\377\000p\000i\000e\000r\000w\000s\000z\000y}{subsection.4.4.4}% 78
\BOOKMARK [3][-]{subsubsection.4.4.4.3}{\376\377\000r\000o\000z\000m\000i\000a\000r}{subsection.4.4.4}% 79
\BOOKMARK [3][-]{subsubsection.4.4.4.4}{\376\377\000t\000a\000b}{subsection.4.4.4}% 80
\BOOKMARK [1][-]{section.4.5}{\376\377\000s\000t\000o\000s\000l\000i\000s\000t\000<\000\040\000T\000Y\000P\000\040\000>\000\040\000C\000l\000a\000s\000s\000\040\000T\000e\000m\000p\000l\000a\000t\000e\000\040\000R\000e\000f\000e\000r\000e\000n\000c\000e}{chapter.4}% 81
\BOOKMARK [2][-]{subsection.4.5.1}{\376\377\000D\000e\000t\000a\000i\000l\000e\000d\000\040\000D\000e\000s\000c\000r\000i\000p\000t\000i\000o\000n}{section.4.5}% 82
\BOOKMARK [2][-]{subsection.4.5.2}{\376\377\000M\000e\000m\000b\000e\000r\000\040\000F\000u\000n\000c\000t\000i\000o\000n\000\040\000D\000o\000c\000u\000m\000e\000n\000t\000a\000t\000i\000o\000n}{section.4.5}% 83
\BOOKMARK [3][-]{subsubsection.4.5.2.1}{\376\377\000e\000m\000p\000t\000y}{subsection.4.5.2}% 84
\BOOKMARK [3][-]{subsubsection.4.5.2.2}{\376\377\000p\000o\000p}{subsection.4.5.2}% 85
\BOOKMARK [3][-]{subsubsection.4.5.2.3}{\376\377\000p\000u\000s\000h}{subsection.4.5.2}% 86
\BOOKMARK [3][-]{subsubsection.4.5.2.4}{\376\377\000s\000i\000z\000e}{subsection.4.5.2}% 87
\BOOKMARK [2][-]{subsection.4.5.3}{\376\377\000M\000e\000m\000b\000e\000r\000\040\000D\000a\000t\000a\000\040\000D\000o\000c\000u\000m\000e\000n\000t\000a\000t\000i\000o\000n}{section.4.5}% 88
\BOOKMARK [3][-]{subsubsection.4.5.3.1}{\376\377\000l\000i\000s\000t\000a}{subsection.4.5.3}% 89
\BOOKMARK [3][-]{subsubsection.4.5.3.2}{\376\377\000o\000s\000t\000a\000t\000n\000i}{subsection.4.5.3}% 90
\BOOKMARK [1][-]{section.4.6}{\376\377\000s\000t\000o\000s\000t\000a\000b\000<\000\040\000T\000Y\000P\000\040\000>\000\040\000C\000l\000a\000s\000s\000\040\000T\000e\000m\000p\000l\000a\000t\000e\000\040\000R\000e\000f\000e\000r\000e\000n\000c\000e}{chapter.4}% 91
\BOOKMARK [2][-]{subsection.4.6.1}{\376\377\000D\000e\000t\000a\000i\000l\000e\000d\000\040\000D\000e\000s\000c\000r\000i\000p\000t\000i\000o\000n}{section.4.6}% 92
\BOOKMARK [2][-]{subsection.4.6.2}{\376\377\000C\000o\000n\000s\000t\000r\000u\000c\000t\000o\000r\000\040\000\046\000\040\000D\000e\000s\000t\000r\000u\000c\000t\000o\000r\000\040\000D\000o\000c\000u\000m\000e\000n\000t\000a\000t\000i\000o\000n}{section.4.6}% 93
\BOOKMARK [3][-]{subsubsection.4.6.2.1}{\376\377\000s\000t\000o\000s\000t\000a\000b}{subsection.4.6.2}% 94
\BOOKMARK [3][-]{subsubsection.4.6.2.2}{\376\377\000s\000t\000o\000s\000t\000a\000b}{subsection.4.6.2}% 95
\BOOKMARK [2][-]{subsection.4.6.3}{\376\377\000M\000e\000m\000b\000e\000r\000\040\000F\000u\000n\000c\000t\000i\000o\000n\000\040\000D\000o\000c\000u\000m\000e\000n\000t\000a\000t\000i\000o\000n}{section.4.6}% 96
\BOOKMARK [3][-]{subsubsection.4.6.3.1}{\376\377\000c\000l\000e\000a\000r}{subsection.4.6.3}% 97
\BOOKMARK [3][-]{subsubsection.4.6.3.2}{\376\377\000e\000m\000p\000t\000y}{subsection.4.6.3}% 98
\BOOKMARK [3][-]{subsubsection.4.6.3.3}{\376\377\000p\000o\000p}{subsection.4.6.3}% 99
\BOOKMARK [3][-]{subsubsection.4.6.3.4}{\376\377\000p\000u\000s\000h\000\137\000d\000o\000d}{subsection.4.6.3}% 100
\BOOKMARK [3][-]{subsubsection.4.6.3.5}{\376\377\000p\000u\000s\000h\000\137\000p\000o\000m}{subsection.4.6.3}% 101
\BOOKMARK [3][-]{subsubsection.4.6.3.6}{\376\377\000s\000i\000z\000e}{subsection.4.6.3}% 102
\BOOKMARK [3][-]{subsubsection.4.6.3.7}{\376\377\000t\000w\000o\000r\000z}{subsection.4.6.3}% 103
\BOOKMARK [2][-]{subsection.4.6.4}{\376\377\000M\000e\000m\000b\000e\000r\000\040\000D\000a\000t\000a\000\040\000D\000o\000c\000u\000m\000e\000n\000t\000a\000t\000i\000o\000n}{section.4.6}% 104
\BOOKMARK [3][-]{subsubsection.4.6.4.1}{\376\377\000i\000l\000o\000s\000c}{subsection.4.6.4}% 105
\BOOKMARK [3][-]{subsubsection.4.6.4.2}{\376\377\000o\000s\000t\000a\000t\000n\000i}{subsection.4.6.4}% 106
\BOOKMARK [3][-]{subsubsection.4.6.4.3}{\376\377\000r\000o\000z\000m\000i\000a\000r}{subsection.4.6.4}% 107
\BOOKMARK [3][-]{subsubsection.4.6.4.4}{\376\377\000t\000a\000b}{subsection.4.6.4}% 108
\BOOKMARK [0][-]{chapter.5}{\376\377\000F\000i\000l\000e\000\040\000D\000o\000c\000u\000m\000e\000n\000t\000a\000t\000i\000o\000n}{}% 109
\BOOKMARK [1][-]{section.5.1}{\376\377\000a\000l\000g\000o\000r\000y\000t\000m\000.\000c\000p\000p\000\040\000F\000i\000l\000e\000\040\000R\000e\000f\000e\000r\000e\000n\000c\000e}{chapter.5}% 110
\BOOKMARK [2][-]{subsection.5.1.1}{\376\377\000D\000e\000t\000a\000i\000l\000e\000d\000\040\000D\000e\000s\000c\000r\000i\000p\000t\000i\000o\000n}{section.5.1}% 111
\BOOKMARK [1][-]{section.5.2}{\376\377\000a\000l\000g\000o\000r\000y\000t\000m\000.\000h\000\040\000F\000i\000l\000e\000\040\000R\000e\000f\000e\000r\000e\000n\000c\000e}{chapter.5}% 112
\BOOKMARK [2][-]{subsection.5.2.1}{\376\377\000D\000e\000t\000a\000i\000l\000e\000d\000\040\000D\000e\000s\000c\000r\000i\000p\000t\000i\000o\000n}{section.5.2}% 113
\BOOKMARK [1][-]{section.5.3}{\376\377\000d\000a\000n\000e\000.\000c\000p\000p\000\040\000F\000i\000l\000e\000\040\000R\000e\000f\000e\000r\000e\000n\000c\000e}{chapter.5}% 114
\BOOKMARK [2][-]{subsection.5.3.1}{\376\377\000D\000e\000t\000a\000i\000l\000e\000d\000\040\000D\000e\000s\000c\000r\000i\000p\000t\000i\000o\000n}{section.5.3}% 115
\BOOKMARK [1][-]{section.5.4}{\376\377\000d\000a\000n\000e\000.\000h\000\040\000F\000i\000l\000e\000\040\000R\000e\000f\000e\000r\000e\000n\000c\000e}{chapter.5}% 116
\BOOKMARK [2][-]{subsection.5.4.1}{\376\377\000D\000e\000t\000a\000i\000l\000e\000d\000\040\000D\000e\000s\000c\000r\000i\000p\000t\000i\000o\000n}{section.5.4}% 117
\BOOKMARK [1][-]{section.5.5}{\376\377\000k\000o\000l\000e\000j\000k\000a\000.\000h\000\040\000F\000i\000l\000e\000\040\000R\000e\000f\000e\000r\000e\000n\000c\000e}{chapter.5}% 118
\BOOKMARK [2][-]{subsection.5.5.1}{\376\377\000D\000e\000t\000a\000i\000l\000e\000d\000\040\000D\000e\000s\000c\000r\000i\000p\000t\000i\000o\000n}{section.5.5}% 119
\BOOKMARK [1][-]{section.5.6}{\376\377\000m\000a\000i\000n\000.\000c\000p\000p\000\040\000F\000i\000l\000e\000\040\000R\000e\000f\000e\000r\000e\000n\000c\000e}{chapter.5}% 120
\BOOKMARK [2][-]{subsection.5.6.1}{\376\377\000D\000e\000t\000a\000i\000l\000e\000d\000\040\000D\000e\000s\000c\000r\000i\000p\000t\000i\000o\000n}{section.5.6}% 121
\BOOKMARK [2][-]{subsection.5.6.2}{\376\377\000F\000u\000n\000c\000t\000i\000o\000n\000\040\000D\000o\000c\000u\000m\000e\000n\000t\000a\000t\000i\000o\000n}{section.5.6}% 122
\BOOKMARK [3][-]{subsubsection.5.6.2.1}{\376\377\000m\000a\000i\000n}{subsection.5.6.2}% 123
\BOOKMARK [1][-]{section.5.7}{\376\377\000s\000t\000o\000s\000.\000h\000\040\000F\000i\000l\000e\000\040\000R\000e\000f\000e\000r\000e\000n\000c\000e}{chapter.5}% 124
\BOOKMARK [2][-]{subsection.5.7.1}{\376\377\000D\000e\000t\000a\000i\000l\000e\000d\000\040\000D\000e\000s\000c\000r\000i\000p\000t\000i\000o\000n}{section.5.7}% 125
\BOOKMARK [1][-]{section.5.8}{\376\377\000s\000t\000r\000o\000n\000a\000.\000d\000o\000x\000\040\000F\000i\000l\000e\000\040\000R\000e\000f\000e\000r\000e\000n\000c\000e}{chapter.5}% 126
\BOOKMARK [-1][-]{section*.23}{\376\377\000I\000n\000d\000e\000x}{}% 127
